  % Total    % Received % Xferd  Average Speed   Time    Time     Time  Current
                                 Dload  Upload   Total   Spent    Left  Speed
  0     0    0     0    0     0      0      0 --:--:-- --:--:-- --:--:--     0100   241  100   120  100   121   2000   2016 --:--:-- --:--:-- --:--:--  4016
Loading required package: BayesPrism
Loading required package: snowfall
Loading required package: snow
Loading required package: NMF
Loading required package: pkgmaker
Loading required package: registry
Loading required package: rngtools
Loading required package: cluster
NMF - BioConductor layer [OK] | Shared memory capabilities [OK] | Cores 127/128
Warning messages:
1: replacing previous import 'gplots::lowess' by 'stats::lowess' when loading 'BayesPrism' 
2: replacing previous import 'BiocParallel::register' by 'NMF::register' when loading 'BayesPrism' 
Error in `.rowNamesDF<-`(x, value = value) : 
  duplicate 'row.names' are not allowed
In addition: Warning message:
non-unique value when setting 'row.names': 'C2ORF15' 
Error in `.rowNamesDF<-`(x, value = value) : 
  duplicate 'row.names' are not allowed
Calls: cleanup.genes ... row.names<- -> row.names<-.data.frame -> .rowNamesDF<-
In addition: Warning message:
non-unique value when setting 'row.names': 'C2ORF15' 
Execution halted
  % Total    % Received % Xferd  Average Speed   Time    Time     Time  Current
                                 Dload  Upload   Total   Spent    Left  Speed
  0     0    0     0    0     0      0      0 --:--:-- --:--:-- --:--:--     0  0     0    0     0    0     0      0      0 --:--:-- --:--:-- --:--:--     0100   243  100   120  100   123   2000   2050 --:--:-- --:--:-- --:--:--  3983
